============================= test session starts ==============================
platform darwin -- Python 3.12.2, pytest-7.4.4, pluggy-1.6.0
Using --randomly-seed=504346718

benchmark: 5.1.0 (defaults: timer=time.perf_counter disable_gc=False min_rounds=5 min_time=0.000005 max_time=1.0 calibration_precision=10 warmup=False warmup_iterations=100000)
rootdir: /Users/devahluwalia/Dropbox/Mac/Desktop/799/madmatcher/madmatcher-tools/tests
configfile: pytest.ini
plugins: xdist-3.7.0, randomly-3.16.0, sugar-1.0.0, html-4.1.1, env-1.1.5, timeout-2.4.0, spark-0.8.0, metadata-3.1.1, clarity-1.0.1, anyio-4.8.0, mock-3.14.1, benchmark-5.1.0, cov-6.1.1
collected 377 items

tests/unit/test_token_feature.py ....................................... [ 10%]
....                                                                     [ 11%]
tests/unit/test_labelers.py ......................................       [ 21%]
tests/unit/test_utils.py ....................................            [ 31%]
tests/unit/test_feature_base.py ........................................ [ 41%]
....                                                                     [ 42%]
tests/unit/test_api_utils.py ..................................          [ 51%]
tests/unit/test_tokenizers.py ................................           [ 60%]
tests/unit/test_tools.py ...........................................